     6 : nkpt
    50 : nstsv

     1  0.1250000000      0.1250000000      0.1250000000     : k-point, vkl
 (state, eigenvalue and occupancy below)
     1  -2.907121708       1.000000000    
     2  -1.675491080       1.000000000    
     3  -1.668043577       1.000000000    
     4  -1.668043457       1.000000000    
     5  0.1064666686       1.000000000    
     6  0.1879664418       1.000000000    
     7  0.1879703709       1.000000000    
     8  0.2639655084       1.000000000    
     9  0.2639684292       1.000000000    
    10  0.2985838304      0.7452181554E-01
    11  0.8764745973       0.000000000    
    12  0.8764792630       0.000000000    
    13  0.9487993053       0.000000000    
    14   1.398900718       0.000000000    
    15   1.516180722       0.000000000    
    16   1.516211449       0.000000000    
    17   1.592404785       0.000000000    
    18   1.592410851       0.000000000    
    19   1.803372070       0.000000000    
    20   2.219459953       0.000000000    
    21   2.219469340       0.000000000    
    22   2.320451717       0.000000000    
    23   2.320480382       0.000000000    
    24   2.350168696       0.000000000    
    25   2.958291669       0.000000000    
    26  -2.813930524       1.000000000    
    27  -1.585710024       1.000000000    
    28  -1.577479427       1.000000000    
    29  -1.577479290       1.000000000    
    30  0.1229113274       1.000000000    
    31  0.2526811368       1.000000000    
    32  0.2526853080       1.000000000    
    33  0.3486331114       0.000000000    
    34  0.3486364999       0.000000000    
    35  0.3729654642       0.000000000    
    36  0.9025260025       0.000000000    
    37  0.9025306409       0.000000000    
    38  0.9751696158       0.000000000    
    39   1.396955836       0.000000000    
    40   1.534449249       0.000000000    
    41   1.534479304       0.000000000    
    42   1.614481916       0.000000000    
    43   1.614487763       0.000000000    
    44   1.819699935       0.000000000    
    45   2.230526910       0.000000000    
    46   2.230536689       0.000000000    
    47   2.335561320       0.000000000    
    48   2.335589979       0.000000000    
    49   2.369508919       0.000000000    
    50   2.970872459       0.000000000    


     2  0.3750000000      0.1250000000      0.1250000000     : k-point, vkl
 (state, eigenvalue and occupancy below)
     1  -2.906127394       1.000000000    
     2  -1.678179323       1.000000000    
     3  -1.672105410       1.000000000    
     4  -1.668297126       1.000000000    
     5  0.1486974567       1.000000000    
     6  0.1734624221       1.000000000    
     7  0.2238019713       1.000000000    
     8  0.2682580803       1.000000000    
     9  0.2717358906       1.000000000    
    10  0.4396118957       0.000000000    
    11  0.5631691479       0.000000000    
    12  0.7972176651       0.000000000    
    13  0.8287279090       0.000000000    
    14   1.395880912       0.000000000    
    15   1.541121103       0.000000000    
    16   1.719686362       0.000000000    
    17   1.756796361       0.000000000    
    18   1.889134789       0.000000000    
    19   1.998393746       0.000000000    
    20   2.122445144       0.000000000    
    21   2.161701093       0.000000000    
    22   2.253431641       0.000000000    
    23   2.407469875       0.000000000    
    24   2.540061142       0.000000000    
    25   2.932578710       0.000000000    
    26  -2.812848838       1.000000000    
    27  -1.588686729       1.000000000    
    28  -1.581944111       1.000000000    
    29  -1.577777538       1.000000000    
    30  0.1983618566       1.000000000    
    31  0.2347025981       1.000000000    
    32  0.2694194352       1.000000000    
    33  0.3528462043       0.000000000    
    34  0.3589983912       0.000000000    
    35  0.4879434101       0.000000000    
    36  0.6093074597       0.000000000    
    37  0.8238031949       0.000000000    
    38  0.8523223339       0.000000000    
    39   1.406310753       0.000000000    
    40   1.563755287       0.000000000    
    41   1.723048938       0.000000000    
    42   1.766982112       0.000000000    
    43   1.907866616       0.000000000    
    44   2.023362744       0.000000000    
    45   2.137437682       0.000000000    
    46   2.171485005       0.000000000    
    47   2.264755338       0.000000000    
    48   2.424511015       0.000000000    
    49   2.556575740       0.000000000    
    50   2.936669286       0.000000000    


     3  0.8750000000      0.1250000000      0.1250000000     : k-point, vkl
 (state, eigenvalue and occupancy below)
     1  -2.908091490       1.000000000    
     2  -1.668831691       1.000000000    
     3  -1.667737058       1.000000000    
     4  -1.667735779       1.000000000    
     5  0.3299347789E-01   1.000000000    
     6  0.2163422643       1.000000000    
     7  0.2163446149       1.000000000    
     8  0.2270364408       1.000000000    
     9  0.2437650505       1.000000000    
    10  0.2713986431       1.000000000    
    11   1.066480618       0.000000000    
    12   1.123479389       0.000000000    
    13   1.123491345       0.000000000    
    14   1.195389131       0.000000000    
    15   1.412708403       0.000000000    
    16   1.412718038       0.000000000    
    17   1.479356112       0.000000000    
    18   1.634938082       0.000000000    
    19   1.713678628       0.000000000    
    20   1.814229104       0.000000000    
    21   1.814260671       0.000000000    
    22   2.182498112       0.000000000    
    23   2.442266100       0.000000000    
    24   2.922661822       0.000000000    
    25   3.091472557       0.000000000    
    26  -2.814986001       1.000000000    
    27  -1.578388467       1.000000000    
    28  -1.577129746       1.000000000    
    29  -1.577128493       1.000000000    
    30  0.4526744798E-01   1.000000000    
    31  0.2867800951      0.9999071578    
    32  0.2867839850      0.9999067960    
    33  0.3000839071      0.1764855185E-01
    34  0.3238309793      0.8734132373E-12
    35  0.3574758554       0.000000000    
    36   1.080796498       0.000000000    
    37   1.146474908       0.000000000    
    38   1.146487318       0.000000000    
    39   1.211025152       0.000000000    
    40   1.425383456       0.000000000    
    41   1.425399565       0.000000000    
    42   1.509105409       0.000000000    
    43   1.658413866       0.000000000    
    44   1.716465336       0.000000000    
    45   1.837926628       0.000000000    
    46   1.837962526       0.000000000    
    47   2.197176176       0.000000000    
    48   2.458828132       0.000000000    
    49   2.937782299       0.000000000    
    50   3.095195005       0.000000000    


     4  0.6250000000      0.3750000000      0.1250000000     : k-point, vkl
 (state, eigenvalue and occupancy below)
     1  -2.906311359       1.000000000    
     2  -1.677820868       1.000000000    
     3  -1.671092431       1.000000000    
     4  -1.667894206       1.000000000    
     5  0.1307480469       1.000000000    
     6  0.1954149597       1.000000000    
     7  0.2071992275       1.000000000    
     8  0.2531905659       1.000000000    
     9  0.2925584072      0.9708637918    
    10  0.3158198244      0.2632813865E-08
    11  0.6756862893       0.000000000    
    12  0.9453800453       0.000000000    
    13  0.9720055570       0.000000000    
    14   1.270590404       0.000000000    
    15   1.291205769       0.000000000    
    16   1.407390357       0.000000000    
    17   1.711552787       0.000000000    
    18   1.962037948       0.000000000    
    19   1.990083427       0.000000000    
    20   2.105695877       0.000000000    
    21   2.373039794       0.000000000    
    22   2.380526503       0.000000000    
    23   2.549684803       0.000000000    
    24   2.793980451       0.000000000    
    25   2.869556109       0.000000000    
    26  -2.813052768       1.000000000    
    27  -1.588288971       1.000000000    
    28  -1.580801412       1.000000000    
    29  -1.577321711       1.000000000    
    30  0.1662753060       1.000000000    
    31  0.2620977054       1.000000000    
    32  0.2621728639       1.000000000    
    33  0.3304045175      0.1220024147E-14
    34  0.3730509158       0.000000000    
    35  0.3835656818       0.000000000    
    36  0.7134094605       0.000000000    
    37  0.9720159883       0.000000000    
    38  0.9878548059       0.000000000    
    39   1.288789071       0.000000000    
    40   1.315037497       0.000000000    
    41   1.425569867       0.000000000    
    42   1.731307826       0.000000000    
    43   1.975203608       0.000000000    
    44   2.001906807       0.000000000    
    45   2.117124512       0.000000000    
    46   2.389796399       0.000000000    
    47   2.392515718       0.000000000    
    48   2.559876767       0.000000000    
    49   2.798222117       0.000000000    
    50   2.876876712       0.000000000    


     5  0.6250000000      0.6250000000      0.1250000000     : k-point, vkl
 (state, eigenvalue and occupancy below)
     1  -2.905500071       1.000000000    
     2  -1.676538429       1.000000000    
     3  -1.676538322       1.000000000    
     4  -1.669177541       1.000000000    
     5  0.1730176237       1.000000000    
     6  0.1730226983       1.000000000    
     7  0.1873746590       1.000000000    
     8  0.2777213951      0.9999999892    
     9  0.2777228545      0.9999999892    
    10  0.5475590046       0.000000000    
    11  0.5475608181       0.000000000    
    12  0.6291474511       0.000000000    
    13   1.170584178       0.000000000    
    14   1.170593383       0.000000000    
    15   1.180264789       0.000000000    
    16   1.445414287       0.000000000    
    17   1.909048077       0.000000000    
    18   1.909065364       0.000000000    
    19   2.016735361       0.000000000    
    20   2.535329060       0.000000000    
    21   2.588173872       0.000000000    
    22   2.588216558       0.000000000    
    23   2.672758798       0.000000000    
    24   2.672771391       0.000000000    
    25   2.824534716       0.000000000    
    26  -2.812173608       1.000000000    
    27  -1.586833882       1.000000000    
    28  -1.586833763       1.000000000    
    29  -1.578705184       1.000000000    
    30  0.2292656989       1.000000000    
    31  0.2292715897       1.000000000    
    32  0.2485499029       1.000000000    
    33  0.3564699206       0.000000000    
    34  0.3564717835       0.000000000    
    35  0.5886751196       0.000000000    
    36  0.5886769132       0.000000000    
    37  0.6624799283       0.000000000    
    38   1.188791668       0.000000000    
    39   1.188800648       0.000000000    
    40   1.200455832       0.000000000    
    41   1.474064057       0.000000000    
    42   1.924769134       0.000000000    
    43   1.924786313       0.000000000    
    44   2.027348937       0.000000000    
    45   2.530927089       0.000000000    
    46   2.596095862       0.000000000    
    47   2.596137239       0.000000000    
    48   2.687249007       0.000000000    
    49   2.687261468       0.000000000    
    50   2.830671251       0.000000000    


     6  0.6250000000      0.3750000000      0.3750000000     : k-point, vkl
 (state, eigenvalue and occupancy below)
     1  -2.904863002       1.000000000    
     2  -1.676025312       1.000000000    
     3  -1.674864711       1.000000000    
     4  -1.674864424       1.000000000    
     5  0.1435626308       1.000000000    
     6  0.1471462740       1.000000000    
     7  0.2701025575       1.000000000    
     8  0.2701081193       1.000000000    
     9  0.2878844394      0.9997199248    
    10  0.4655253626       0.000000000    
    11  0.7266222060       0.000000000    
    12  0.7266245301       0.000000000    
    13  0.8746911611       0.000000000    
    14  0.9440155959       0.000000000    
    15   1.213914841       0.000000000    
    16   1.752764256       0.000000000    
    17   1.819043016       0.000000000    
    18   1.819069405       0.000000000    
    19   2.028860616       0.000000000    
    20   2.561040802       0.000000000    
    21   2.573856934       0.000000000    
    22   2.573885724       0.000000000    
    23   2.814728599       0.000000000    
    24   2.829054760       0.000000000    
    25   3.036667904       0.000000000    
    26  -2.811488314       1.000000000    
    27  -1.586266244       1.000000000    
    28  -1.584943501       1.000000000    
    29  -1.584943257       1.000000000    
    30  0.1965721504       1.000000000    
    31  0.2080606291       1.000000000    
    32  0.3445293138      0.8954623402E-21
    33  0.3445334666      0.8917513291E-21
    34  0.3682465541       0.000000000    
    35  0.5010224354       0.000000000    
    36  0.7499595401       0.000000000    
    37  0.7499615013       0.000000000    
    38  0.9129299397       0.000000000    
    39  0.9711500292       0.000000000    
    40   1.240718892       0.000000000    
    41   1.771162756       0.000000000    
    42   1.834618972       0.000000000    
    43   1.834639846       0.000000000    
    44   2.040091560       0.000000000    
    45   2.568426251       0.000000000    
    46   2.585140787       0.000000000    
    47   2.585168963       0.000000000    
    48   2.810534010       0.000000000    
    49   2.835889683       0.000000000    
    50   3.040578292       0.000000000    

