    0.400255703930E-02
    0.437473924443E-02
    0.148090750895E-02
    0.105710504316E-01
    0.342112110963E-02
    0.706767939749E-02
    0.834791826873E-02
    0.656042377180E-02
    0.906305014551E-02
    0.137209909157E-02
    0.892576410945E-02
    0.489868641841E-02
    0.609256118469E-02
    0.606881481987E-02
    0.605328274472E-02
    0.603999743856E-02
    0.603510869114E-02
    0.603008520705E-02
    0.602804132590E-02
    0.602625474738E-02
    0.602584525617E-02
    0.602541889456E-02
    0.602542316624E-02
