    -1269.97357033    
    -1270.07663910    
    -1270.03233165    
    -1270.30880259    
    -1271.15474913    
    -1271.15818227    
    -1269.78548793    
    -1269.62389206    
    -1271.17255055    
    -1272.28232012    
    -1271.25952222    
    -1270.37872826    
    -1270.49195560    
    -1270.57982854    
    -1270.58883381    
    -1270.58157135    
    -1270.58073191    
    -1270.57912211    
    -1270.57934143    
    -1270.57959190    
    -1270.57960558    
    -1270.57962398    
    -1270.57962258    
